<?xml version="1.0" encoding="UTF-8"?>
<testng-results ignored="0" total="1" passed="1" failed="0" skipped="0">
  <reporter-output>
  </reporter-output>
  <suite started-at="2023-01-16T16:51:01 GMT+05:30" name="Default suite" finished-at="2023-01-16T16:51:31 GMT+05:30" duration-ms="29958">
    <groups>
    </groups>
    <test started-at="2023-01-16T16:51:01 GMT+05:30" name="Default test" finished-at="2023-01-16T16:51:31 GMT+05:30" duration-ms="29958">
      <class name="pack.hrm">
        <test-method signature="orange()[pri:0, instance:pack.hrm@a1cdc6d]" started-at="2023-01-16T16:51:01 GMT+05:30" name="orange" finished-at="2023-01-16T16:51:31 GMT+05:30" duration-ms="29904" status="PASS">
          <reporter-output>
          </reporter-output>
        </test-method> <!-- orange -->
      </class> <!-- pack.hrm -->
    </test> <!-- Default test -->
  </suite> <!-- Default suite -->
</testng-results>
